<?xml version="1.0" encoding="UTF-8"?>
<!-- Generated by org.testng.reporters.JUnitReportReporter -->
<testsuite hostname="user-PC" name="Pages.VerifyHomePage" tests="1" failures="0" timestamp="1 Sep 2016 04:13:27 GMT" time="52.958" errors="0">
  <testcase name="TestHomePage" time="52.958" classname="Pages.VerifyHomePage"/>
</testsuite> <!-- Pages.VerifyHomePage -->
