<?xml version="1.0" encoding="UTF-8"?>
<!-- Generated by org.testng.reporters.JUnitReportReporter -->
<testsuite hostname="user-PC" name="Testcases.VerifyHomePagewithvalidpwd" tests="1" failures="0" timestamp="2 Sep 2016 13:57:38 GMT" time="0.075" errors="0">
  <testcase name="test3" time="0.075" classname="Testcases.VerifyHomePagewithvalidpwd"/>
</testsuite> <!-- Testcases.VerifyHomePagewithvalidpwd -->
