<?xml version="1.0" encoding="UTF-8"?>
<!-- Generated by org.testng.reporters.JUnitReportReporter -->
<testsuite hostname="user-PC" name="Testcases.VerifyHomePage" tests="1" failures="0" timestamp="2 Sep 2016 13:57:26 GMT" time="0.058" errors="0">
  <testcase name="justprint" time="0.058" classname="Testcases.VerifyHomePage"/>
</testsuite> <!-- Testcases.VerifyHomePage -->
