<?xml version="1.0" encoding="UTF-8"?>
<!-- Generated by org.testng.reporters.JUnitReportReporter -->
<testsuite hostname="user-PC" name="Testcases.VerifyHomePage" tests="1" failures="0" timestamp="3 Sep 2016 03:31:22 GMT" time="2.377" errors="0">
  <testcase name="justprint" time="2.377" classname="Testcases.VerifyHomePage"/>
</testsuite> <!-- Testcases.VerifyHomePage -->
