<?xml version="1.0" encoding="UTF-8"?>
<!-- Generated by org.testng.reporters.JUnitReportReporter -->
<testsuite hostname="user-PC" name="Testcases.VerifyHomePagewithvalidpwdtest1" tests="1" failures="0" timestamp="3 Sep 2016 03:31:22 GMT" time="0.712" errors="0">
  <testcase name="justprint" time="0.712" classname="Testcases.VerifyHomePagewithvalidpwdtest1"/>
</testsuite> <!-- Testcases.VerifyHomePagewithvalidpwdtest1 -->
